INFO:root:Num train speech clips: 4974
INFO:root:Num val speech clips: 1066
INFO:root:Num test speech clips: 1066
INFO:root:Device=cuda
INFO:root:Average loss=0.43980225920677185
INFO:root:
[Valid][0][UTT][ MSE = 0.8269 | LCC = 0.0630 | SRCC = 0.0632 ]
INFO:root:Average loss=0.39114081859588623
INFO:root:
[Valid][1][UTT][ MSE = 0.8260 | LCC = 0.0619 | SRCC = 0.0445 ]
INFO:root:Average loss=0.388053834438324
INFO:root:
[Valid][2][UTT][ MSE = 0.8325 | LCC = 0.0963 | SRCC = 0.0795 ]
INFO:root:Average loss=0.38043785095214844
INFO:root:
[Valid][3][UTT][ MSE = 0.8320 | LCC = 0.1026 | SRCC = 0.0790 ]
INFO:root:Average loss=0.3693160116672516
INFO:root:
[Valid][4][UTT][ MSE = 0.8269 | LCC = 0.1408 | SRCC = 0.1164 ]
INFO:root:Average loss=0.3603985011577606
INFO:root:
[Valid][5][UTT][ MSE = 0.8172 | LCC = 0.1725 | SRCC = 0.1540 ]
INFO:root:Average loss=0.35733383893966675
INFO:root:
[Valid][6][UTT][ MSE = 0.8153 | LCC = 0.1903 | SRCC = 0.1757 ]
INFO:root:Average loss=0.34760046005249023
INFO:root:
[Valid][7][UTT][ MSE = 0.8352 | LCC = 0.2080 | SRCC = 0.1931 ]
INFO:root:Average loss=0.3398721218109131
INFO:root:
[Valid][8][UTT][ MSE = 0.8313 | LCC = 0.2066 | SRCC = 0.1900 ]
INFO:root:Average loss=0.3348037898540497
INFO:root:
[Valid][9][UTT][ MSE = 0.8347 | LCC = 0.2070 | SRCC = 0.1945 ]
INFO:root:Average loss=0.3312491774559021
INFO:root:
[Valid][10][UTT][ MSE = 0.8319 | LCC = 0.2096 | SRCC = 0.2017 ]
INFO:root:Average loss=0.3292792737483978
INFO:root:
[Valid][11][UTT][ MSE = 0.8485 | LCC = 0.2284 | SRCC = 0.2179 ]
INFO:root:Average loss=0.32972994446754456
INFO:root:
[Valid][12][UTT][ MSE = 0.8274 | LCC = 0.2357 | SRCC = 0.2203 ]
INFO:root:Average loss=0.326265424489975
INFO:root:
[Valid][13][UTT][ MSE = 0.8116 | LCC = 0.2579 | SRCC = 0.2461 ]
INFO:root:Average loss=0.3136548101902008
INFO:root:
[Valid][14][UTT][ MSE = 0.7937 | LCC = 0.2723 | SRCC = 0.2575 ]
INFO:root:Average loss=0.31120628118515015
INFO:root:
[Valid][15][UTT][ MSE = 0.8069 | LCC = 0.2824 | SRCC = 0.2663 ]
INFO:root:Average loss=0.3003354072570801
INFO:root:
[Valid][16][UTT][ MSE = 0.8271 | LCC = 0.3109 | SRCC = 0.2924 ]
INFO:root:Average loss=0.29294639825820923
INFO:root:
[Valid][17][UTT][ MSE = 0.7807 | LCC = 0.3296 | SRCC = 0.3140 ]
INFO:root:Average loss=0.2825090289115906
INFO:root:
[Valid][18][UTT][ MSE = 0.7556 | LCC = 0.3608 | SRCC = 0.3506 ]
INFO:root:Average loss=0.2687682509422302
INFO:root:
[Valid][19][UTT][ MSE = 0.7345 | LCC = 0.3857 | SRCC = 0.3814 ]
INFO:root:Average loss=0.26797929406166077
INFO:root:
[Valid][20][UTT][ MSE = 0.7438 | LCC = 0.3788 | SRCC = 0.3742 ]
INFO:root:Average loss=0.2560957372188568
INFO:root:
[Valid][21][UTT][ MSE = 0.7364 | LCC = 0.3870 | SRCC = 0.3872 ]
INFO:root:Average loss=0.24701088666915894
INFO:root:
[Valid][22][UTT][ MSE = 0.7288 | LCC = 0.3797 | SRCC = 0.3735 ]
INFO:root:Average loss=0.23723915219306946
INFO:root:
[Valid][23][UTT][ MSE = 0.7104 | LCC = 0.4163 | SRCC = 0.4106 ]
INFO:root:Average loss=0.23297618329524994
INFO:root:
[Valid][24][UTT][ MSE = 0.7209 | LCC = 0.4062 | SRCC = 0.4056 ]
INFO:root:Average loss=0.22593814134597778
INFO:root:
[Valid][25][UTT][ MSE = 0.7067 | LCC = 0.4155 | SRCC = 0.4123 ]
INFO:root:Average loss=0.2238079458475113
INFO:root:
[Valid][26][UTT][ MSE = 0.6966 | LCC = 0.4239 | SRCC = 0.4206 ]
INFO:root:Average loss=0.20902127027511597
INFO:root:
[Valid][27][UTT][ MSE = 0.7042 | LCC = 0.4524 | SRCC = 0.4446 ]
INFO:root:Average loss=0.20538921654224396
INFO:root:
[Valid][28][UTT][ MSE = 0.7151 | LCC = 0.4617 | SRCC = 0.4564 ]
INFO:root:Average loss=0.2160811722278595
INFO:root:
[Valid][29][UTT][ MSE = 0.7158 | LCC = 0.4503 | SRCC = 0.4365 ]
INFO:root:Average loss=0.20618939399719238
INFO:root:
[Valid][30][UTT][ MSE = 0.6691 | LCC = 0.4595 | SRCC = 0.4487 ]
INFO:root:Average loss=0.19447582960128784
INFO:root:
[Valid][31][UTT][ MSE = 0.6713 | LCC = 0.4826 | SRCC = 0.4719 ]
INFO:root:Average loss=0.19772480428218842
INFO:root:
[Valid][32][UTT][ MSE = 0.6786 | LCC = 0.4812 | SRCC = 0.4731 ]
INFO:root:Average loss=0.19462904334068298
INFO:root:
[Valid][33][UTT][ MSE = 0.6933 | LCC = 0.4704 | SRCC = 0.4597 ]
INFO:root:Average loss=0.1902727484703064
INFO:root:
[Valid][34][UTT][ MSE = 0.6674 | LCC = 0.4711 | SRCC = 0.4570 ]
INFO:root:Average loss=0.18718695640563965
INFO:root:
[Valid][35][UTT][ MSE = 0.6550 | LCC = 0.4979 | SRCC = 0.4874 ]
INFO:root:Average loss=0.17859210073947906
INFO:root:
[Valid][36][UTT][ MSE = 0.6447 | LCC = 0.4980 | SRCC = 0.4865 ]
INFO:root:Average loss=0.18315723538398743
INFO:root:
[Valid][37][UTT][ MSE = 0.6552 | LCC = 0.5023 | SRCC = 0.4910 ]
INFO:root:Average loss=0.17161762714385986
INFO:root:
[Valid][38][UTT][ MSE = 0.6475 | LCC = 0.4966 | SRCC = 0.4888 ]
INFO:root:Average loss=0.18123115599155426
INFO:root:
[Valid][39][UTT][ MSE = 0.6316 | LCC = 0.5110 | SRCC = 0.4979 ]
INFO:root:Average loss=0.1825070083141327
INFO:root:
[Valid][40][UTT][ MSE = 0.6570 | LCC = 0.5391 | SRCC = 0.5288 ]
INFO:root:Average loss=0.16359028220176697
INFO:root:
[Valid][41][UTT][ MSE = 0.6200 | LCC = 0.5394 | SRCC = 0.5264 ]
INFO:root:Average loss=0.16386841237545013
INFO:root:
[Valid][42][UTT][ MSE = 0.6499 | LCC = 0.5510 | SRCC = 0.5418 ]
INFO:root:Average loss=0.16392815113067627
INFO:root:
[Valid][43][UTT][ MSE = 0.6131 | LCC = 0.5439 | SRCC = 0.5321 ]
INFO:root:Average loss=0.16156381368637085
INFO:root:
[Valid][44][UTT][ MSE = 0.6169 | LCC = 0.5477 | SRCC = 0.5392 ]
INFO:root:Average loss=0.1641017645597458
INFO:root:
[Valid][45][UTT][ MSE = 0.6430 | LCC = 0.5357 | SRCC = 0.5269 ]
INFO:root:Average loss=0.15675625205039978
INFO:root:
[Valid][46][UTT][ MSE = 0.6413 | LCC = 0.5333 | SRCC = 0.5242 ]
INFO:root:Average loss=0.14310622215270996
INFO:root:
[Valid][47][UTT][ MSE = 0.6058 | LCC = 0.5504 | SRCC = 0.5424 ]
INFO:root:Average loss=0.1525544822216034
INFO:root:
[Valid][48][UTT][ MSE = 0.5970 | LCC = 0.5656 | SRCC = 0.5582 ]
INFO:root:Average loss=0.1496303528547287
INFO:root:
[Valid][49][UTT][ MSE = 0.6135 | LCC = 0.5587 | SRCC = 0.5494 ]
INFO:root:Average loss=0.14979888498783112
INFO:root:
[Valid][50][UTT][ MSE = 0.5934 | LCC = 0.5652 | SRCC = 0.5580 ]
INFO:root:Average loss=0.13844801485538483
INFO:root:
[Valid][51][UTT][ MSE = 0.5985 | LCC = 0.5590 | SRCC = 0.5501 ]
INFO:root:Average loss=0.13883468508720398
INFO:root:
[Valid][52][UTT][ MSE = 0.6049 | LCC = 0.5537 | SRCC = 0.5444 ]
INFO:root:Average loss=0.13315604627132416
INFO:root:
[Valid][53][UTT][ MSE = 0.6148 | LCC = 0.5734 | SRCC = 0.5676 ]
INFO:root:Average loss=0.1281566172838211
INFO:root:
[Valid][54][UTT][ MSE = 0.5814 | LCC = 0.5709 | SRCC = 0.5635 ]
INFO:root:Average loss=0.1343957930803299
INFO:root:
[Valid][55][UTT][ MSE = 0.5579 | LCC = 0.5884 | SRCC = 0.5810 ]
INFO:root:Average loss=0.12665903568267822
INFO:root:
[Valid][56][UTT][ MSE = 0.5870 | LCC = 0.5928 | SRCC = 0.5883 ]
INFO:root:Average loss=0.1263885796070099
INFO:root:
[Valid][57][UTT][ MSE = 0.5621 | LCC = 0.5826 | SRCC = 0.5777 ]
INFO:root:Average loss=0.11834762990474701
INFO:root:
[Valid][58][UTT][ MSE = 0.5612 | LCC = 0.5767 | SRCC = 0.5706 ]
INFO:root:Average loss=0.11684282124042511
INFO:root:
[Valid][59][UTT][ MSE = 0.5865 | LCC = 0.5938 | SRCC = 0.5918 ]
INFO:root:Average loss=0.11061559617519379
INFO:root:
[Valid][60][UTT][ MSE = 0.5617 | LCC = 0.5748 | SRCC = 0.5657 ]
INFO:root:Average loss=0.11523014307022095
INFO:root:
[Valid][61][UTT][ MSE = 0.5567 | LCC = 0.5853 | SRCC = 0.5767 ]
INFO:root:Average loss=0.11607559025287628
INFO:root:
[Valid][62][UTT][ MSE = 0.5531 | LCC = 0.5884 | SRCC = 0.5785 ]
INFO:root:Average loss=0.11564174294471741
INFO:root:
[Valid][63][UTT][ MSE = 0.5505 | LCC = 0.5873 | SRCC = 0.5795 ]
INFO:root:Average loss=0.11179199069738388
INFO:root:
[Valid][64][UTT][ MSE = 0.5450 | LCC = 0.6021 | SRCC = 0.5954 ]
INFO:root:Average loss=0.10725092142820358
INFO:root:
[Valid][65][UTT][ MSE = 0.5486 | LCC = 0.5927 | SRCC = 0.5840 ]
INFO:root:Average loss=0.10637737065553665
INFO:root:
[Valid][66][UTT][ MSE = 0.5503 | LCC = 0.5910 | SRCC = 0.5831 ]
INFO:root:Average loss=0.10725479573011398
INFO:root:
[Valid][67][UTT][ MSE = 0.5439 | LCC = 0.5959 | SRCC = 0.5872 ]
INFO:root:Average loss=0.09046059101819992
INFO:root:
[Valid][68][UTT][ MSE = 0.5676 | LCC = 0.5959 | SRCC = 0.5893 ]
INFO:root:Average loss=0.09575770050287247
INFO:root:
[Valid][69][UTT][ MSE = 0.5452 | LCC = 0.5986 | SRCC = 0.5907 ]
INFO:root:Average loss=0.10067106038331985
INFO:root:
[Valid][70][UTT][ MSE = 0.5382 | LCC = 0.6063 | SRCC = 0.5997 ]
INFO:root:Average loss=0.0852147787809372
INFO:root:
[Valid][71][UTT][ MSE = 0.5519 | LCC = 0.6138 | SRCC = 0.6074 ]
INFO:root:Average loss=0.1040457934141159
INFO:root:
[Valid][72][UTT][ MSE = 0.5540 | LCC = 0.5882 | SRCC = 0.5782 ]
INFO:root:Average loss=0.09432536363601685
INFO:root:
[Valid][73][UTT][ MSE = 0.5503 | LCC = 0.6163 | SRCC = 0.6100 ]
INFO:root:Average loss=0.08331424742937088
INFO:root:
[Valid][74][UTT][ MSE = 0.5322 | LCC = 0.6215 | SRCC = 0.6182 ]
INFO:root:Average loss=0.08615924417972565
INFO:root:
[Valid][75][UTT][ MSE = 0.5332 | LCC = 0.6054 | SRCC = 0.5984 ]
INFO:root:Average loss=0.07920751720666885
INFO:root:
[Valid][76][UTT][ MSE = 0.5363 | LCC = 0.6204 | SRCC = 0.6148 ]
INFO:root:Average loss=0.08215999603271484
INFO:root:
[Valid][77][UTT][ MSE = 0.5429 | LCC = 0.6099 | SRCC = 0.6048 ]
INFO:root:Average loss=0.07405689358711243
INFO:root:
[Valid][78][UTT][ MSE = 0.5454 | LCC = 0.6152 | SRCC = 0.6109 ]
INFO:root:Average loss=0.0737643912434578
INFO:root:
[Valid][79][UTT][ MSE = 0.5147 | LCC = 0.6233 | SRCC = 0.6181 ]
INFO:root:Average loss=0.07966560125350952
INFO:root:
[Valid][80][UTT][ MSE = 0.5388 | LCC = 0.5988 | SRCC = 0.5917 ]
INFO:root:Average loss=0.06869185715913773
INFO:root:
[Valid][81][UTT][ MSE = 0.5149 | LCC = 0.6245 | SRCC = 0.6180 ]
INFO:root:Average loss=0.07306035608053207
INFO:root:
[Valid][82][UTT][ MSE = 0.5158 | LCC = 0.6205 | SRCC = 0.6121 ]
INFO:root:Average loss=0.06013910472393036
INFO:root:
[Valid][83][UTT][ MSE = 0.5218 | LCC = 0.6169 | SRCC = 0.6114 ]
INFO:root:Average loss=0.06209027022123337
INFO:root:
[Valid][84][UTT][ MSE = 0.5172 | LCC = 0.6186 | SRCC = 0.6137 ]
INFO:root:Average loss=0.07658722251653671
INFO:root:
[Valid][85][UTT][ MSE = 0.5149 | LCC = 0.6268 | SRCC = 0.6221 ]
INFO:root:Average loss=0.06590306013822556
INFO:root:
[Valid][86][UTT][ MSE = 0.5110 | LCC = 0.6270 | SRCC = 0.6229 ]
INFO:root:Average loss=0.06495501101016998
INFO:root:
[Valid][87][UTT][ MSE = 0.5255 | LCC = 0.6339 | SRCC = 0.6312 ]
INFO:root:Average loss=0.06458859145641327
INFO:root:
[Valid][88][UTT][ MSE = 0.5132 | LCC = 0.6282 | SRCC = 0.6235 ]
INFO:root:Average loss=0.06331491470336914
INFO:root:
[Valid][89][UTT][ MSE = 0.5170 | LCC = 0.6273 | SRCC = 0.6205 ]
INFO:root:Average loss=0.051442936062812805
INFO:root:
[Valid][90][UTT][ MSE = 0.5139 | LCC = 0.6207 | SRCC = 0.6125 ]
INFO:root:Average loss=0.04721035808324814
INFO:root:
[Valid][91][UTT][ MSE = 0.5110 | LCC = 0.6280 | SRCC = 0.6224 ]
INFO:root:Average loss=0.053672321140766144
INFO:root:
[Valid][92][UTT][ MSE = 0.5195 | LCC = 0.6260 | SRCC = 0.6181 ]
INFO:root:Average loss=0.05567449331283569
INFO:root:
[Valid][93][UTT][ MSE = 0.5135 | LCC = 0.6239 | SRCC = 0.6151 ]
INFO:root:Average loss=0.04326336085796356
INFO:root:
[Valid][94][UTT][ MSE = 0.5146 | LCC = 0.6370 | SRCC = 0.6294 ]
INFO:root:Average loss=0.03795505315065384
INFO:root:
[Valid][95][UTT][ MSE = 0.5212 | LCC = 0.6369 | SRCC = 0.6328 ]
INFO:root:Average loss=0.03231870383024216
INFO:root:
[Valid][96][UTT][ MSE = 0.5216 | LCC = 0.6308 | SRCC = 0.6247 ]
INFO:root:Average loss=0.042153388261795044
INFO:root:
[Valid][97][UTT][ MSE = 0.5228 | LCC = 0.6262 | SRCC = 0.6191 ]
INFO:root:Average loss=0.0441419892013073
INFO:root:
[Valid][98][UTT][ MSE = 0.5160 | LCC = 0.6358 | SRCC = 0.6312 ]
INFO:root:Average loss=0.03100472316145897
INFO:root:
[Valid][99][UTT][ MSE = 0.4917 | LCC = 0.6468 | SRCC = 0.6409 ]
INFO:root:Average loss=0.02613561600446701
INFO:root:
[Valid][100][UTT][ MSE = 0.4813 | LCC = 0.6525 | SRCC = 0.6482 ]
INFO:root:Average loss=0.03693293780088425
INFO:root:
[Valid][101][UTT][ MSE = 0.4865 | LCC = 0.6480 | SRCC = 0.6415 ]
INFO:root:Average loss=0.024630874395370483
INFO:root:
[Valid][102][UTT][ MSE = 0.5001 | LCC = 0.6440 | SRCC = 0.6366 ]
INFO:root:Average loss=0.019064655527472496
INFO:root:
[Valid][103][UTT][ MSE = 0.4774 | LCC = 0.6533 | SRCC = 0.6476 ]
INFO:root:Average loss=0.02055414766073227
INFO:root:
[Valid][104][UTT][ MSE = 0.4813 | LCC = 0.6555 | SRCC = 0.6493 ]
INFO:root:Average loss=0.025198593735694885
INFO:root:
[Valid][105][UTT][ MSE = 0.4876 | LCC = 0.6624 | SRCC = 0.6591 ]
INFO:root:Average loss=0.021577948704361916
INFO:root:
[Valid][106][UTT][ MSE = 0.4876 | LCC = 0.6473 | SRCC = 0.6413 ]
INFO:root:Average loss=0.002827831543982029
INFO:root:
[Valid][107][UTT][ MSE = 0.4754 | LCC = 0.6620 | SRCC = 0.6588 ]
INFO:root:Average loss=0.00905490294098854
INFO:root:
[Valid][108][UTT][ MSE = 0.4762 | LCC = 0.6578 | SRCC = 0.6514 ]
INFO:root:Average loss=0.0007250611088238657
INFO:root:
[Valid][109][UTT][ MSE = 0.4778 | LCC = 0.6565 | SRCC = 0.6489 ]
INFO:root:Average loss=-0.0005394682521000504
INFO:root:
[Valid][110][UTT][ MSE = 0.4759 | LCC = 0.6625 | SRCC = 0.6538 ]
INFO:root:Average loss=0.007394515443593264
INFO:root:
[Valid][111][UTT][ MSE = 0.4590 | LCC = 0.6741 | SRCC = 0.6654 ]
INFO:root:Average loss=-0.0005773884477093816
INFO:root:
[Valid][112][UTT][ MSE = 0.4769 | LCC = 0.6639 | SRCC = 0.6547 ]
INFO:root:Average loss=0.0006965253851376474
INFO:root:
[Valid][113][UTT][ MSE = 0.4769 | LCC = 0.6635 | SRCC = 0.6554 ]
INFO:root:Average loss=-0.0022364186588674784
INFO:root:
[Valid][114][UTT][ MSE = 0.4775 | LCC = 0.6626 | SRCC = 0.6532 ]
INFO:root:Average loss=-0.000602303771302104
INFO:root:
[Valid][115][UTT][ MSE = 0.4721 | LCC = 0.6617 | SRCC = 0.6549 ]
INFO:root:Average loss=0.0007332878885790706
INFO:root:
[Valid][116][UTT][ MSE = 0.4583 | LCC = 0.6715 | SRCC = 0.6653 ]
INFO:root:Average loss=0.002226287266239524
INFO:root:
[Valid][117][UTT][ MSE = 0.4372 | LCC = 0.6897 | SRCC = 0.6838 ]
INFO:root:Average loss=0.0008863264229148626
INFO:root:
[Valid][118][UTT][ MSE = 0.4509 | LCC = 0.6826 | SRCC = 0.6766 ]
INFO:root:Average loss=-0.0010068530682474375
INFO:root:
[Valid][119][UTT][ MSE = 0.4652 | LCC = 0.6750 | SRCC = 0.6681 ]
INFO:root:Average loss=-0.018864037469029427
INFO:root:
[Valid][120][UTT][ MSE = 0.4561 | LCC = 0.6724 | SRCC = 0.6651 ]
INFO:root:Average loss=-0.007364735472947359
INFO:root:
[Valid][121][UTT][ MSE = 0.4547 | LCC = 0.6807 | SRCC = 0.6746 ]
INFO:root:Average loss=-0.013009386137127876
INFO:root:
[Valid][122][UTT][ MSE = 0.4526 | LCC = 0.6810 | SRCC = 0.6760 ]
INFO:root:Average loss=-0.02044500969350338
INFO:root:
[Valid][123][UTT][ MSE = 0.4450 | LCC = 0.6891 | SRCC = 0.6832 ]
INFO:root:Average loss=-0.019039887934923172
INFO:root:
[Valid][124][UTT][ MSE = 0.4510 | LCC = 0.6854 | SRCC = 0.6790 ]
INFO:root:Average loss=-0.005257309414446354
INFO:root:
[Valid][125][UTT][ MSE = 0.4519 | LCC = 0.6825 | SRCC = 0.6767 ]
INFO:root:Average loss=-0.018617192283272743
INFO:root:
[Valid][126][UTT][ MSE = 0.4545 | LCC = 0.6772 | SRCC = 0.6695 ]
INFO:root:Average loss=-0.02142306976020336
INFO:root:
[Valid][127][UTT][ MSE = 0.4377 | LCC = 0.6951 | SRCC = 0.6887 ]
INFO:root:Average loss=-0.023675931617617607
INFO:root:
[Valid][128][UTT][ MSE = 0.4467 | LCC = 0.6935 | SRCC = 0.6876 ]
INFO:root:Average loss=-0.03656630963087082
INFO:root:
[Valid][129][UTT][ MSE = 0.4320 | LCC = 0.6964 | SRCC = 0.6918 ]
INFO:root:Average loss=-0.022850098088383675
INFO:root:
[Valid][130][UTT][ MSE = 0.4858 | LCC = 0.6788 | SRCC = 0.6736 ]
INFO:root:Average loss=-0.025542791932821274
INFO:root:
[Valid][131][UTT][ MSE = 0.4325 | LCC = 0.6974 | SRCC = 0.6921 ]
INFO:root:Average loss=-0.03835544362664223
INFO:root:
[Valid][132][UTT][ MSE = 0.4428 | LCC = 0.6980 | SRCC = 0.6930 ]
INFO:root:Average loss=-0.02255404368042946
INFO:root:
[Valid][133][UTT][ MSE = 0.4383 | LCC = 0.6906 | SRCC = 0.6856 ]
INFO:root:Average loss=-0.033972080796957016
INFO:root:
[Valid][134][UTT][ MSE = 0.4440 | LCC = 0.6869 | SRCC = 0.6799 ]
INFO:root:Average loss=-0.04506589472293854
INFO:root:
[Valid][135][UTT][ MSE = 0.4348 | LCC = 0.6912 | SRCC = 0.6859 ]
INFO:root:Average loss=-0.0427740141749382
INFO:root:
[Valid][136][UTT][ MSE = 0.4240 | LCC = 0.7030 | SRCC = 0.6974 ]
INFO:root:Average loss=-0.037080731242895126
INFO:root:
[Valid][137][UTT][ MSE = 0.4328 | LCC = 0.7014 | SRCC = 0.6956 ]
INFO:root:Average loss=-0.040106091648340225
INFO:root:
[Valid][138][UTT][ MSE = 0.4334 | LCC = 0.6944 | SRCC = 0.6880 ]
INFO:root:Average loss=-0.04285801202058792
INFO:root:
[Valid][139][UTT][ MSE = 0.4273 | LCC = 0.6995 | SRCC = 0.6936 ]
INFO:root:Average loss=-0.0523824580013752
INFO:root:
[Valid][140][UTT][ MSE = 0.4250 | LCC = 0.7025 | SRCC = 0.6968 ]
INFO:root:Average loss=-0.04710232466459274
INFO:root:
[Valid][141][UTT][ MSE = 0.4197 | LCC = 0.7065 | SRCC = 0.7005 ]
INFO:root:Average loss=-0.050756048411130905
INFO:root:
[Valid][142][UTT][ MSE = 0.4533 | LCC = 0.6890 | SRCC = 0.6840 ]
INFO:root:Average loss=-0.0515255443751812
INFO:root:
[Valid][143][UTT][ MSE = 0.4268 | LCC = 0.6986 | SRCC = 0.6931 ]
INFO:root:Average loss=-0.05443104729056358
INFO:root:
[Valid][144][UTT][ MSE = 0.4355 | LCC = 0.6936 | SRCC = 0.6854 ]
INFO:root:Average loss=-0.04557660594582558
INFO:root:
[Valid][145][UTT][ MSE = 0.4482 | LCC = 0.6995 | SRCC = 0.6936 ]
INFO:root:Average loss=-0.050629474222660065
INFO:root:
[Valid][146][UTT][ MSE = 0.4368 | LCC = 0.6980 | SRCC = 0.6914 ]
INFO:root:Average loss=-0.058196838945150375
INFO:root:
[Valid][147][UTT][ MSE = 0.4201 | LCC = 0.7036 | SRCC = 0.7000 ]
INFO:root:Average loss=-0.06595280766487122
INFO:root:
[Valid][148][UTT][ MSE = 0.4209 | LCC = 0.7026 | SRCC = 0.6972 ]
INFO:root:Average loss=-0.05357658118009567
INFO:root:
[Valid][149][UTT][ MSE = 0.4205 | LCC = 0.7085 | SRCC = 0.7047 ]
INFO:root:Average loss=-0.06068819761276245
INFO:root:
[Valid][150][UTT][ MSE = 0.4203 | LCC = 0.7032 | SRCC = 0.6989 ]
INFO:root:Average loss=-0.07780703902244568
INFO:root:
[Valid][151][UTT][ MSE = 0.4120 | LCC = 0.7139 | SRCC = 0.7101 ]
INFO:root:Average loss=-0.06813293695449829
INFO:root:
[Valid][152][UTT][ MSE = 0.4142 | LCC = 0.7083 | SRCC = 0.7044 ]
INFO:root:Average loss=-0.06267909705638885
INFO:root:
[Valid][153][UTT][ MSE = 0.4416 | LCC = 0.6924 | SRCC = 0.6861 ]
INFO:root:Average loss=-0.06664640456438065
INFO:root:
[Valid][154][UTT][ MSE = 0.4150 | LCC = 0.7064 | SRCC = 0.7036 ]
INFO:root:Average loss=-0.06229843944311142
INFO:root:
[Valid][155][UTT][ MSE = 0.4210 | LCC = 0.7046 | SRCC = 0.7009 ]
INFO:root:Average loss=-0.08664058148860931
INFO:root:
[Valid][156][UTT][ MSE = 0.4164 | LCC = 0.7065 | SRCC = 0.6994 ]
INFO:root:Average loss=-0.06558001041412354
INFO:root:
[Valid][157][UTT][ MSE = 0.4148 | LCC = 0.7092 | SRCC = 0.7056 ]
INFO:root:Average loss=-0.07375767827033997
INFO:root:
[Valid][158][UTT][ MSE = 0.4259 | LCC = 0.7113 | SRCC = 0.7056 ]
INFO:root:Average loss=-0.07622373104095459
INFO:root:
[Valid][159][UTT][ MSE = 0.4126 | LCC = 0.7114 | SRCC = 0.7056 ]
INFO:root:Average loss=-0.06908238679170609
INFO:root:
[Valid][160][UTT][ MSE = 0.4177 | LCC = 0.7044 | SRCC = 0.7000 ]
INFO:root:Average loss=-0.07978008687496185
INFO:root:
[Valid][161][UTT][ MSE = 0.4157 | LCC = 0.7092 | SRCC = 0.7057 ]
INFO:root:Average loss=-0.0843285620212555
INFO:root:
[Valid][162][UTT][ MSE = 0.4238 | LCC = 0.7022 | SRCC = 0.6984 ]
INFO:root:Average loss=-0.08848071098327637
INFO:root:
[Valid][163][UTT][ MSE = 0.4229 | LCC = 0.7096 | SRCC = 0.7042 ]
INFO:root:Average loss=-0.09842628240585327
INFO:root:
[Valid][164][UTT][ MSE = 0.4161 | LCC = 0.7065 | SRCC = 0.7051 ]
INFO:root:Average loss=-0.08536392450332642
INFO:root:
[Valid][165][UTT][ MSE = 0.4233 | LCC = 0.7105 | SRCC = 0.7046 ]
INFO:root:Average loss=-0.08019225299358368
INFO:root:
[Valid][166][UTT][ MSE = 0.4131 | LCC = 0.7109 | SRCC = 0.7059 ]
INFO:root:Average loss=-0.08298546820878983
INFO:root:
[Valid][167][UTT][ MSE = 0.4265 | LCC = 0.7045 | SRCC = 0.6987 ]
INFO:root:Average loss=-0.09718149900436401
INFO:root:
[Valid][168][UTT][ MSE = 0.4102 | LCC = 0.7113 | SRCC = 0.7068 ]
INFO:root:Average loss=-0.09646587073802948
INFO:root:
[Valid][169][UTT][ MSE = 0.4172 | LCC = 0.7103 | SRCC = 0.7059 ]
INFO:root:Average loss=-0.08450685441493988
INFO:root:
[Valid][170][UTT][ MSE = 0.4386 | LCC = 0.7034 | SRCC = 0.6972 ]
INFO:root:Average loss=-0.10310439765453339
INFO:root:
[Valid][171][UTT][ MSE = 0.4121 | LCC = 0.7132 | SRCC = 0.7096 ]
INFO:root:Average loss=-0.09196648001670837
INFO:root:
[Valid][172][UTT][ MSE = 0.4106 | LCC = 0.7178 | SRCC = 0.7157 ]
INFO:root:Average loss=-0.09201235324144363
INFO:root:
[Valid][173][UTT][ MSE = 0.4344 | LCC = 0.7144 | SRCC = 0.7102 ]
INFO:root:Average loss=-0.10485667735338211
INFO:root:
[Valid][174][UTT][ MSE = 0.4277 | LCC = 0.7079 | SRCC = 0.7036 ]
INFO:root:Average loss=-0.1105434000492096
INFO:root:
[Valid][175][UTT][ MSE = 0.4023 | LCC = 0.7184 | SRCC = 0.7149 ]
INFO:root:Average loss=-0.10564880073070526
INFO:root:
[Valid][176][UTT][ MSE = 0.4133 | LCC = 0.7100 | SRCC = 0.7050 ]
INFO:root:Average loss=-0.10602793097496033
INFO:root:
[Valid][177][UTT][ MSE = 0.4215 | LCC = 0.7149 | SRCC = 0.7107 ]
INFO:root:Average loss=-0.10711736232042313
INFO:root:
[Valid][178][UTT][ MSE = 0.4108 | LCC = 0.7146 | SRCC = 0.7115 ]
INFO:root:Average loss=-0.10485910624265671
INFO:root:
[Valid][179][UTT][ MSE = 0.4142 | LCC = 0.7170 | SRCC = 0.7120 ]
INFO:root:Average loss=-0.100339874625206
INFO:root:
[Valid][180][UTT][ MSE = 0.4124 | LCC = 0.7118 | SRCC = 0.7083 ]
INFO:root:Average loss=-0.10913369804620743
INFO:root:
[Valid][181][UTT][ MSE = 0.4014 | LCC = 0.7224 | SRCC = 0.7197 ]
INFO:root:Average loss=-0.10163354873657227
INFO:root:
[Valid][182][UTT][ MSE = 0.4041 | LCC = 0.7161 | SRCC = 0.7143 ]
INFO:root:Average loss=-0.10902412980794907
INFO:root:
[Valid][183][UTT][ MSE = 0.4171 | LCC = 0.7086 | SRCC = 0.7032 ]
INFO:root:Average loss=-0.10668304562568665
INFO:root:
[Valid][184][UTT][ MSE = 0.4161 | LCC = 0.7113 | SRCC = 0.7079 ]
INFO:root:Average loss=-0.12044297903776169
INFO:root:
[Valid][185][UTT][ MSE = 0.4297 | LCC = 0.7127 | SRCC = 0.7077 ]
INFO:root:Average loss=-0.11963937431573868
INFO:root:
[Valid][186][UTT][ MSE = 0.4214 | LCC = 0.7048 | SRCC = 0.7006 ]
INFO:root:Average loss=-0.10588002949953079
INFO:root:
[Valid][187][UTT][ MSE = 0.4095 | LCC = 0.7124 | SRCC = 0.7069 ]
INFO:root:Average loss=-0.11721731722354889
INFO:root:
[Valid][188][UTT][ MSE = 0.4094 | LCC = 0.7162 | SRCC = 0.7146 ]
INFO:root:Average loss=-0.11336275190114975
INFO:root:
[Valid][189][UTT][ MSE = 0.4184 | LCC = 0.7176 | SRCC = 0.7137 ]
INFO:root:Average loss=-0.12513327598571777
INFO:root:
[Valid][190][UTT][ MSE = 0.3952 | LCC = 0.7230 | SRCC = 0.7195 ]
INFO:root:Average loss=-0.10467565059661865
INFO:root:
[Valid][191][UTT][ MSE = 0.4083 | LCC = 0.7158 | SRCC = 0.7122 ]
INFO:root:Average loss=-0.13226214051246643
INFO:root:
[Valid][192][UTT][ MSE = 0.4175 | LCC = 0.7179 | SRCC = 0.7134 ]
INFO:root:Average loss=-0.1234934851527214
INFO:root:
[Valid][193][UTT][ MSE = 0.4100 | LCC = 0.7116 | SRCC = 0.7073 ]
INFO:root:Average loss=-0.13791167736053467
INFO:root:
[Valid][194][UTT][ MSE = 0.3962 | LCC = 0.7223 | SRCC = 0.7183 ]
INFO:root:Average loss=-0.11734507977962494
INFO:root:
[Valid][195][UTT][ MSE = 0.3993 | LCC = 0.7189 | SRCC = 0.7156 ]
INFO:root:Average loss=-0.13225336372852325
INFO:root:
[Valid][196][UTT][ MSE = 0.4095 | LCC = 0.7135 | SRCC = 0.7068 ]
INFO:root:Average loss=-0.13404543697834015
INFO:root:
[Valid][197][UTT][ MSE = 0.4163 | LCC = 0.7113 | SRCC = 0.7038 ]
INFO:root:Average loss=-0.13440841436386108
INFO:root:
[Valid][198][UTT][ MSE = 0.4210 | LCC = 0.7196 | SRCC = 0.7138 ]
INFO:root:Average loss=-0.13470476865768433
INFO:root:
[Valid][199][UTT][ MSE = 0.4028 | LCC = 0.7208 | SRCC = 0.7161 ]
INFO:root:Average loss=-0.11855476349592209
INFO:root:
[Valid][200][UTT][ MSE = 0.3949 | LCC = 0.7227 | SRCC = 0.7173 ]
INFO:root:Average loss=-0.12878181040287018
INFO:root:
[Valid][201][UTT][ MSE = 0.3955 | LCC = 0.7252 | SRCC = 0.7199 ]
INFO:root:Average loss=-0.13232451677322388
INFO:root:
[Valid][202][UTT][ MSE = 0.3935 | LCC = 0.7241 | SRCC = 0.7200 ]
INFO:root:Average loss=-0.15166142582893372
INFO:root:
[Valid][203][UTT][ MSE = 0.3958 | LCC = 0.7240 | SRCC = 0.7194 ]
INFO:root:Average loss=-0.139510378241539
INFO:root:
[Valid][204][UTT][ MSE = 0.4005 | LCC = 0.7199 | SRCC = 0.7137 ]
INFO:root:Average loss=-0.14701029658317566
INFO:root:
[Valid][205][UTT][ MSE = 0.4347 | LCC = 0.7167 | SRCC = 0.7136 ]
INFO:root:Average loss=-0.13721930980682373
INFO:root:
[Valid][206][UTT][ MSE = 0.3978 | LCC = 0.7239 | SRCC = 0.7201 ]
INFO:root:Average loss=-0.15658801794052124
INFO:root:
[Valid][207][UTT][ MSE = 0.4061 | LCC = 0.7249 | SRCC = 0.7212 ]
INFO:root:Average loss=-0.146354079246521
INFO:root:
[Valid][208][UTT][ MSE = 0.3963 | LCC = 0.7270 | SRCC = 0.7236 ]
INFO:root:Average loss=-0.14661288261413574
INFO:root:
[Valid][209][UTT][ MSE = 0.3869 | LCC = 0.7320 | SRCC = 0.7287 ]
INFO:root:Average loss=-0.1316041648387909
INFO:root:
[Valid][210][UTT][ MSE = 0.4005 | LCC = 0.7257 | SRCC = 0.7209 ]
INFO:root:Average loss=-0.12979824841022491
INFO:root:
[Valid][211][UTT][ MSE = 0.4042 | LCC = 0.7153 | SRCC = 0.7102 ]
INFO:root:Average loss=-0.14154917001724243
INFO:root:
[Valid][212][UTT][ MSE = 0.4072 | LCC = 0.7231 | SRCC = 0.7170 ]
INFO:root:Average loss=-0.13968637585639954
INFO:root:
[Valid][213][UTT][ MSE = 0.3966 | LCC = 0.7227 | SRCC = 0.7175 ]
INFO:root:Average loss=-0.1538766771554947
INFO:root:
[Valid][214][UTT][ MSE = 0.4054 | LCC = 0.7233 | SRCC = 0.7190 ]
INFO:root:Average loss=-0.1493113487958908
INFO:root:
[Valid][215][UTT][ MSE = 0.3872 | LCC = 0.7303 | SRCC = 0.7257 ]
INFO:root:Average loss=-0.14783263206481934
INFO:root:
[Valid][216][UTT][ MSE = 0.4163 | LCC = 0.7137 | SRCC = 0.7078 ]
INFO:root:Average loss=-0.15015973150730133
INFO:root:
[Valid][217][UTT][ MSE = 0.4016 | LCC = 0.7197 | SRCC = 0.7153 ]
INFO:root:Average loss=-0.15184471011161804
INFO:root:
[Valid][218][UTT][ MSE = 0.3998 | LCC = 0.7267 | SRCC = 0.7214 ]
INFO:root:Average loss=-0.1563401073217392
INFO:root:
[Valid][219][UTT][ MSE = 0.3943 | LCC = 0.7255 | SRCC = 0.7211 ]
INFO:root:Average loss=-0.13898830115795135
INFO:root:
[Valid][220][UTT][ MSE = 0.3909 | LCC = 0.7278 | SRCC = 0.7243 ]
INFO:root:Average loss=-0.16085323691368103
INFO:root:
[Valid][221][UTT][ MSE = 0.3995 | LCC = 0.7256 | SRCC = 0.7224 ]
INFO:root:Average loss=-0.15686966478824615
INFO:root:
[Valid][222][UTT][ MSE = 0.4009 | LCC = 0.7310 | SRCC = 0.7286 ]
INFO:root:Average loss=-0.16124765574932098
INFO:root:
[Valid][223][UTT][ MSE = 0.4130 | LCC = 0.7260 | SRCC = 0.7230 ]
INFO:root:Average loss=-0.16959384083747864
INFO:root:
[Valid][224][UTT][ MSE = 0.3942 | LCC = 0.7261 | SRCC = 0.7225 ]
INFO:root:Average loss=-0.16667336225509644
INFO:root:
[Valid][225][UTT][ MSE = 0.3876 | LCC = 0.7323 | SRCC = 0.7283 ]
INFO:root:Average loss=-0.16328202188014984
INFO:root:
[Valid][226][UTT][ MSE = 0.4007 | LCC = 0.7181 | SRCC = 0.7115 ]
INFO:root:Average loss=-0.15642528235912323
INFO:root:
[Valid][227][UTT][ MSE = 0.4255 | LCC = 0.7260 | SRCC = 0.7236 ]
INFO:root:Average loss=-0.16199316084384918
INFO:root:
[Valid][228][UTT][ MSE = 0.3898 | LCC = 0.7281 | SRCC = 0.7233 ]
INFO:root:Average loss=-0.15668661892414093
INFO:root:
[Valid][229][UTT][ MSE = 0.3850 | LCC = 0.7322 | SRCC = 0.7279 ]
INFO:root:Average loss=-0.18429633975028992
INFO:root:
[Valid][230][UTT][ MSE = 0.3887 | LCC = 0.7294 | SRCC = 0.7235 ]
INFO:root:Average loss=-0.1841973215341568
INFO:root:
[Valid][231][UTT][ MSE = 0.3818 | LCC = 0.7339 | SRCC = 0.7300 ]
INFO:root:Average loss=-0.17140233516693115
INFO:root:
[Valid][232][UTT][ MSE = 0.3882 | LCC = 0.7304 | SRCC = 0.7274 ]
INFO:root:Average loss=-0.1761142611503601
INFO:root:
[Valid][233][UTT][ MSE = 0.4062 | LCC = 0.7277 | SRCC = 0.7245 ]
INFO:root:Average loss=-0.16616040468215942
INFO:root:
[Valid][234][UTT][ MSE = 0.3988 | LCC = 0.7282 | SRCC = 0.7234 ]
INFO:root:Average loss=-0.1700155884027481
INFO:root:
[Valid][235][UTT][ MSE = 0.4045 | LCC = 0.7272 | SRCC = 0.7211 ]
INFO:root:Average loss=-0.1791648119688034
INFO:root:
[Valid][236][UTT][ MSE = 0.3949 | LCC = 0.7258 | SRCC = 0.7182 ]
INFO:root:Average loss=-0.17976409196853638
INFO:root:
[Valid][237][UTT][ MSE = 0.3922 | LCC = 0.7288 | SRCC = 0.7236 ]
INFO:root:Average loss=-0.17523156106472015
INFO:root:
[Valid][238][UTT][ MSE = 0.4290 | LCC = 0.7263 | SRCC = 0.7215 ]
INFO:root:Average loss=-0.1856754571199417
INFO:root:
[Valid][239][UTT][ MSE = 0.3693 | LCC = 0.7441 | SRCC = 0.7392 ]
INFO:root:Average loss=-0.18582220375537872
INFO:root:
[Valid][240][UTT][ MSE = 0.3916 | LCC = 0.7281 | SRCC = 0.7225 ]
INFO:root:Average loss=-0.17538325488567352
INFO:root:
[Valid][241][UTT][ MSE = 0.3889 | LCC = 0.7279 | SRCC = 0.7251 ]
INFO:root:Average loss=-0.17782855033874512
INFO:root:
[Valid][242][UTT][ MSE = 0.4018 | LCC = 0.7272 | SRCC = 0.7237 ]
INFO:root:Average loss=-0.18508101999759674
INFO:root:
[Valid][243][UTT][ MSE = 0.3881 | LCC = 0.7319 | SRCC = 0.7282 ]
INFO:root:Average loss=-0.18417786061763763
INFO:root:
[Valid][244][UTT][ MSE = 0.4050 | LCC = 0.7243 | SRCC = 0.7173 ]
INFO:root:Average loss=-0.18026626110076904
INFO:root:
[Valid][245][UTT][ MSE = 0.3910 | LCC = 0.7264 | SRCC = 0.7191 ]
INFO:root:Average loss=-0.19203869998455048
INFO:root:
[Valid][246][UTT][ MSE = 0.3864 | LCC = 0.7297 | SRCC = 0.7246 ]
INFO:root:Average loss=-0.19672398269176483
INFO:root:
[Valid][247][UTT][ MSE = 0.4177 | LCC = 0.7288 | SRCC = 0.7239 ]
INFO:root:Average loss=-0.19193461537361145
INFO:root:
[Valid][248][UTT][ MSE = 0.4092 | LCC = 0.7255 | SRCC = 0.7203 ]
INFO:root:Average loss=-0.17990602552890778
INFO:root:
[Valid][249][UTT][ MSE = 0.4247 | LCC = 0.7205 | SRCC = 0.7130 ]
INFO:root:Average loss=-0.19281861186027527
INFO:root:
[Valid][250][UTT][ MSE = 0.3974 | LCC = 0.7331 | SRCC = 0.7280 ]
INFO:root:Average loss=-0.19361989200115204
INFO:root:
[Valid][251][UTT][ MSE = 0.4198 | LCC = 0.7271 | SRCC = 0.7232 ]
INFO:root:Average loss=-0.1972898542881012
INFO:root:
[Valid][252][UTT][ MSE = 0.3998 | LCC = 0.7341 | SRCC = 0.7318 ]
INFO:root:Average loss=-0.19966471195220947
INFO:root:
[Valid][253][UTT][ MSE = 0.4662 | LCC = 0.7250 | SRCC = 0.7212 ]
INFO:root:Average loss=-0.18376438319683075
INFO:root:
[Valid][254][UTT][ MSE = 0.4175 | LCC = 0.7331 | SRCC = 0.7297 ]
INFO:root:Average loss=-0.20023031532764435
INFO:root:
[Valid][255][UTT][ MSE = 0.3895 | LCC = 0.7319 | SRCC = 0.7284 ]
INFO:root:Average loss=-0.19753645360469818
INFO:root:
[Valid][256][UTT][ MSE = 0.4182 | LCC = 0.7337 | SRCC = 0.7310 ]
INFO:root:Average loss=-0.20293375849723816
INFO:root:
[Valid][257][UTT][ MSE = 0.4046 | LCC = 0.7311 | SRCC = 0.7277 ]
INFO:root:Average loss=-0.19416676461696625
INFO:root:
[Valid][258][UTT][ MSE = 0.4197 | LCC = 0.7349 | SRCC = 0.7303 ]
INFO:root:Average loss=-0.19886642694473267
INFO:root:
[Valid][259][UTT][ MSE = 0.3950 | LCC = 0.7361 | SRCC = 0.7332 ]
INFO:root:Average loss=-0.20171856880187988
INFO:root:
[Valid][260][UTT][ MSE = 0.3821 | LCC = 0.7341 | SRCC = 0.7317 ]
INFO:root:Average loss=-0.2036341279745102
INFO:root:
[Valid][261][UTT][ MSE = 0.3987 | LCC = 0.7308 | SRCC = 0.7276 ]
INFO:root:Average loss=-0.20539410412311554
INFO:root:
[Valid][262][UTT][ MSE = 0.3930 | LCC = 0.7342 | SRCC = 0.7310 ]
INFO:root:Average loss=-0.20213618874549866
INFO:root:
[Valid][263][UTT][ MSE = 0.4093 | LCC = 0.7333 | SRCC = 0.7304 ]
INFO:root:Average loss=-0.2040124237537384
INFO:root:
[Valid][264][UTT][ MSE = 0.3930 | LCC = 0.7391 | SRCC = 0.7356 ]
INFO:root:Average loss=-0.2119709700345993
INFO:root:
[Valid][265][UTT][ MSE = 0.3676 | LCC = 0.7455 | SRCC = 0.7423 ]
INFO:root:Average loss=-0.20168732106685638
INFO:root:
[Valid][266][UTT][ MSE = 0.3809 | LCC = 0.7432 | SRCC = 0.7405 ]
INFO:root:Average loss=-0.21903572976589203
INFO:root:
[Valid][267][UTT][ MSE = 0.3808 | LCC = 0.7379 | SRCC = 0.7346 ]
INFO:root:Average loss=-0.20406047999858856
INFO:root:
[Valid][268][UTT][ MSE = 0.3863 | LCC = 0.7451 | SRCC = 0.7421 ]
INFO:root:Average loss=-0.22398222982883453
INFO:root:
[Valid][269][UTT][ MSE = 0.3797 | LCC = 0.7460 | SRCC = 0.7428 ]
INFO:root:Average loss=-0.21813786029815674
INFO:root:
[Valid][270][UTT][ MSE = 0.3841 | LCC = 0.7393 | SRCC = 0.7366 ]
INFO:root:Average loss=-0.225920170545578
INFO:root:
[Valid][271][UTT][ MSE = 0.3885 | LCC = 0.7344 | SRCC = 0.7294 ]
INFO:root:Average loss=-0.20422868430614471
INFO:root:
[Valid][272][UTT][ MSE = 0.4110 | LCC = 0.7317 | SRCC = 0.7257 ]
INFO:root:Average loss=-0.2294195145368576
INFO:root:
[Valid][273][UTT][ MSE = 0.3847 | LCC = 0.7419 | SRCC = 0.7380 ]
INFO:root:Average loss=-0.22763893008232117
INFO:root:
[Valid][274][UTT][ MSE = 0.3818 | LCC = 0.7398 | SRCC = 0.7355 ]
INFO:root:Average loss=-0.2293194979429245
INFO:root:
[Valid][275][UTT][ MSE = 0.3816 | LCC = 0.7420 | SRCC = 0.7360 ]
INFO:root:Average loss=-0.22022990882396698
INFO:root:
[Valid][276][UTT][ MSE = 0.4318 | LCC = 0.7366 | SRCC = 0.7329 ]
INFO:root:Average loss=-0.2044619768857956
INFO:root:
[Valid][277][UTT][ MSE = 0.3910 | LCC = 0.7368 | SRCC = 0.7321 ]
INFO:root:Average loss=-0.2189353108406067
INFO:root:
[Valid][278][UTT][ MSE = 0.4004 | LCC = 0.7419 | SRCC = 0.7400 ]
INFO:root:Average loss=-0.229506254196167
INFO:root:
[Valid][279][UTT][ MSE = 0.3973 | LCC = 0.7400 | SRCC = 0.7341 ]
INFO:root:Average loss=-0.21598376333713531
INFO:root:
[Valid][280][UTT][ MSE = 0.3671 | LCC = 0.7462 | SRCC = 0.7422 ]
INFO:root:Average loss=-0.22362758219242096
INFO:root:
[Valid][281][UTT][ MSE = 0.4006 | LCC = 0.7401 | SRCC = 0.7361 ]
INFO:root:Average loss=-0.22686870396137238
INFO:root:
[Valid][282][UTT][ MSE = 0.3867 | LCC = 0.7372 | SRCC = 0.7321 ]
INFO:root:Average loss=-0.2453402429819107
INFO:root:
[Valid][283][UTT][ MSE = 0.3805 | LCC = 0.7438 | SRCC = 0.7378 ]
INFO:root:Average loss=-0.23123247921466827
INFO:root:
[Valid][284][UTT][ MSE = 0.3948 | LCC = 0.7419 | SRCC = 0.7355 ]
INFO:root:Average loss=-0.24372254312038422
INFO:root:
[Valid][285][UTT][ MSE = 0.3832 | LCC = 0.7430 | SRCC = 0.7373 ]
INFO:root:Average loss=-0.21771003305912018
INFO:root:
[Valid][286][UTT][ MSE = 0.3874 | LCC = 0.7530 | SRCC = 0.7489 ]
INFO:root:Average loss=-0.21706776320934296
INFO:root:
[Valid][287][UTT][ MSE = 0.3848 | LCC = 0.7488 | SRCC = 0.7436 ]
INFO:root:Average loss=-0.2311467081308365
INFO:root:
[Valid][288][UTT][ MSE = 0.3584 | LCC = 0.7540 | SRCC = 0.7494 ]
INFO:root:Average loss=-0.22080472111701965
INFO:root:
[Valid][289][UTT][ MSE = 0.3963 | LCC = 0.7426 | SRCC = 0.7372 ]
INFO:root:Average loss=-0.22580349445343018
INFO:root:
[Valid][290][UTT][ MSE = 0.3628 | LCC = 0.7515 | SRCC = 0.7477 ]
INFO:root:Average loss=-0.24132239818572998
INFO:root:
[Valid][291][UTT][ MSE = 0.3746 | LCC = 0.7445 | SRCC = 0.7378 ]
INFO:root:Average loss=-0.24110911786556244
INFO:root:
[Valid][292][UTT][ MSE = 0.4420 | LCC = 0.7410 | SRCC = 0.7345 ]
INFO:root:Average loss=-0.2416868954896927
INFO:root:
[Valid][293][UTT][ MSE = 0.3866 | LCC = 0.7434 | SRCC = 0.7374 ]
INFO:root:Average loss=-0.2503700256347656
INFO:root:
[Valid][294][UTT][ MSE = 0.3765 | LCC = 0.7477 | SRCC = 0.7413 ]
INFO:root:Average loss=-0.23018887639045715
INFO:root:
[Valid][295][UTT][ MSE = 0.3741 | LCC = 0.7501 | SRCC = 0.7444 ]
INFO:root:Average loss=-0.24058620631694794
INFO:root:
[Valid][296][UTT][ MSE = 0.3656 | LCC = 0.7506 | SRCC = 0.7435 ]
INFO:root:Average loss=-0.25364944338798523
INFO:root:
[Valid][297][UTT][ MSE = 0.3793 | LCC = 0.7519 | SRCC = 0.7461 ]
INFO:root:Average loss=-0.23743973672389984
INFO:root:
[Valid][298][UTT][ MSE = 0.4319 | LCC = 0.7408 | SRCC = 0.7371 ]
INFO:root:Average loss=-0.24385979771614075
INFO:root:
[Valid][299][UTT][ MSE = 0.3749 | LCC = 0.7490 | SRCC = 0.7459 ]
INFO:root:Average loss=-0.2537687122821808
INFO:root:
[Valid][300][UTT][ MSE = 0.3885 | LCC = 0.7495 | SRCC = 0.7449 ]
INFO:root:Average loss=-0.23334424197673798
INFO:root:
[Valid][301][UTT][ MSE = 0.3742 | LCC = 0.7486 | SRCC = 0.7416 ]
INFO:root:Average loss=-0.233409121632576
INFO:root:
[Valid][302][UTT][ MSE = 0.3692 | LCC = 0.7491 | SRCC = 0.7433 ]
INFO:root:Average loss=-0.2603724002838135
INFO:root:
[Valid][303][UTT][ MSE = 0.3827 | LCC = 0.7497 | SRCC = 0.7454 ]
INFO:root:Average loss=-0.25045523047447205
INFO:root:
[Valid][304][UTT][ MSE = 0.3739 | LCC = 0.7497 | SRCC = 0.7480 ]
INFO:root:Average loss=-0.24911639094352722
INFO:root:
[Valid][305][UTT][ MSE = 0.3714 | LCC = 0.7520 | SRCC = 0.7476 ]
INFO:root:Average loss=-0.26194748282432556
INFO:root:
[Valid][306][UTT][ MSE = 0.3797 | LCC = 0.7509 | SRCC = 0.7473 ]
INFO:root:Average loss=-0.24304932355880737
INFO:root:
[Valid][307][UTT][ MSE = 0.3979 | LCC = 0.7430 | SRCC = 0.7391 ]
INFO:root:Average loss=-0.24341773986816406
INFO:root:
[Valid][308][UTT][ MSE = 0.3762 | LCC = 0.7454 | SRCC = 0.7412 ]
INFO:root:Average loss=-0.25066664814949036
INFO:root:
[Valid][309][UTT][ MSE = 0.3720 | LCC = 0.7507 | SRCC = 0.7455 ]
INFO:root:Average loss=-0.25730428099632263
INFO:root:
[Valid][310][UTT][ MSE = 0.3809 | LCC = 0.7415 | SRCC = 0.7347 ]
INFO:root:Average loss=-0.2434253692626953
INFO:root:
[Valid][311][UTT][ MSE = 0.4120 | LCC = 0.7408 | SRCC = 0.7345 ]
INFO:root:Average loss=-0.2602071464061737
INFO:root:
[Valid][312][UTT][ MSE = 0.3742 | LCC = 0.7526 | SRCC = 0.7479 ]
INFO:root:Average loss=-0.2516157329082489
INFO:root:
[Valid][313][UTT][ MSE = 0.3628 | LCC = 0.7537 | SRCC = 0.7501 ]
INFO:root:Average loss=-0.2573932111263275
INFO:root:
[Valid][314][UTT][ MSE = 0.3662 | LCC = 0.7474 | SRCC = 0.7414 ]
INFO:root:Average loss=-0.25833338499069214
INFO:root:
[Valid][315][UTT][ MSE = 0.3648 | LCC = 0.7538 | SRCC = 0.7478 ]
INFO:root:Average loss=-0.2549687922000885
INFO:root:
[Valid][316][UTT][ MSE = 0.3603 | LCC = 0.7534 | SRCC = 0.7484 ]
INFO:root:Average loss=-0.26607179641723633
INFO:root:
[Valid][317][UTT][ MSE = 0.3546 | LCC = 0.7581 | SRCC = 0.7534 ]
INFO:root:Average loss=-0.25517600774765015
INFO:root:
[Valid][318][UTT][ MSE = 0.3585 | LCC = 0.7523 | SRCC = 0.7471 ]
INFO:root:Average loss=-0.2657366693019867
INFO:root:
[Valid][319][UTT][ MSE = 0.3713 | LCC = 0.7514 | SRCC = 0.7461 ]
INFO:root:Average loss=-0.2569451332092285
INFO:root:
[Valid][320][UTT][ MSE = 0.3619 | LCC = 0.7512 | SRCC = 0.7467 ]
INFO:root:Average loss=-0.27477148175239563
INFO:root:
[Valid][321][UTT][ MSE = 0.4082 | LCC = 0.7474 | SRCC = 0.7419 ]
INFO:root:Average loss=-0.26927417516708374
INFO:root:
[Valid][322][UTT][ MSE = 0.3766 | LCC = 0.7439 | SRCC = 0.7365 ]
INFO:root:Average loss=-0.2639981210231781
INFO:root:
[Valid][323][UTT][ MSE = 0.3714 | LCC = 0.7487 | SRCC = 0.7425 ]
INFO:root:Average loss=-0.2519928514957428
INFO:root:
[Valid][324][UTT][ MSE = 0.3886 | LCC = 0.7503 | SRCC = 0.7437 ]
INFO:root:Average loss=-0.2665511965751648
INFO:root:
[Valid][325][UTT][ MSE = 0.3664 | LCC = 0.7479 | SRCC = 0.7416 ]
INFO:root:Average loss=-0.25688713788986206
INFO:root:
[Valid][326][UTT][ MSE = 0.3735 | LCC = 0.7508 | SRCC = 0.7448 ]
INFO:root:Average loss=-0.250715970993042
INFO:root:
[Valid][327][UTT][ MSE = 0.3929 | LCC = 0.7474 | SRCC = 0.7430 ]
INFO:root:Average loss=-0.25499826669692993
INFO:root:
[Valid][328][UTT][ MSE = 0.3786 | LCC = 0.7500 | SRCC = 0.7456 ]
INFO:root:Average loss=-0.2751304805278778
INFO:root:
[Valid][329][UTT][ MSE = 0.3758 | LCC = 0.7497 | SRCC = 0.7437 ]
INFO:root:Average loss=-0.27203628420829773
INFO:root:
[Valid][330][UTT][ MSE = 0.4046 | LCC = 0.7487 | SRCC = 0.7424 ]
INFO:root:Average loss=-0.2807055413722992
INFO:root:
[Valid][331][UTT][ MSE = 0.3687 | LCC = 0.7503 | SRCC = 0.7449 ]
INFO:root:Average loss=-0.27154654264450073
INFO:root:
[Valid][332][UTT][ MSE = 0.3751 | LCC = 0.7475 | SRCC = 0.7413 ]
INFO:root:Average loss=-0.2776937484741211
INFO:root:
[Valid][333][UTT][ MSE = 0.3666 | LCC = 0.7515 | SRCC = 0.7476 ]
INFO:root:Average loss=-0.2588808238506317
INFO:root:
[Valid][334][UTT][ MSE = 0.4004 | LCC = 0.7510 | SRCC = 0.7475 ]
INFO:root:Average loss=-0.2729377746582031
INFO:root:
[Valid][335][UTT][ MSE = 0.3793 | LCC = 0.7554 | SRCC = 0.7503 ]
INFO:root:Average loss=-0.2730662524700165
INFO:root:
[Valid][336][UTT][ MSE = 0.3683 | LCC = 0.7560 | SRCC = 0.7496 ]
INFO:root:Average loss=-0.2778230905532837
INFO:root:
[Valid][337][UTT][ MSE = 0.3658 | LCC = 0.7534 | SRCC = 0.7464 ]
INFO:root:Average loss=-0.28483763337135315
INFO:root:
[Valid][338][UTT][ MSE = 0.3615 | LCC = 0.7576 | SRCC = 0.7520 ]
INFO:root:Average loss=-0.2710312008857727
INFO:root:
[Valid][339][UTT][ MSE = 0.3720 | LCC = 0.7517 | SRCC = 0.7452 ]
INFO:root:Average loss=-0.2836577296257019
INFO:root:
[Valid][340][UTT][ MSE = 0.3600 | LCC = 0.7604 | SRCC = 0.7555 ]
INFO:root:Average loss=-0.27944517135620117
INFO:root:
[Valid][341][UTT][ MSE = 0.3687 | LCC = 0.7596 | SRCC = 0.7542 ]
INFO:root:Average loss=-0.29321804642677307
INFO:root:
[Valid][342][UTT][ MSE = 0.3639 | LCC = 0.7554 | SRCC = 0.7501 ]
INFO:root:Average loss=-0.2715894281864166
INFO:root:
[Valid][343][UTT][ MSE = 0.4231 | LCC = 0.7443 | SRCC = 0.7393 ]
INFO:root:Average loss=-0.2985040843486786
INFO:root:
[Valid][344][UTT][ MSE = 0.4264 | LCC = 0.7444 | SRCC = 0.7386 ]
INFO:root:Average loss=-0.27649205923080444
INFO:root:
[Valid][345][UTT][ MSE = 0.3602 | LCC = 0.7582 | SRCC = 0.7526 ]
INFO:root:Average loss=-0.28182080388069153
INFO:root:
[Valid][346][UTT][ MSE = 0.4199 | LCC = 0.7468 | SRCC = 0.7419 ]
INFO:root:Average loss=-0.28001150488853455
INFO:root:
[Valid][347][UTT][ MSE = 0.3827 | LCC = 0.7619 | SRCC = 0.7570 ]
INFO:root:Average loss=-0.2931315004825592
INFO:root:
[Valid][348][UTT][ MSE = 0.3754 | LCC = 0.7556 | SRCC = 0.7487 ]
INFO:root:Average loss=-0.28157028555870056
INFO:root:
[Valid][349][UTT][ MSE = 0.4007 | LCC = 0.7506 | SRCC = 0.7438 ]
INFO:root:Average loss=-0.2791849672794342
INFO:root:
[Valid][350][UTT][ MSE = 0.3661 | LCC = 0.7617 | SRCC = 0.7566 ]
INFO:root:Average loss=-0.29552575945854187
INFO:root:
[Valid][351][UTT][ MSE = 0.3691 | LCC = 0.7534 | SRCC = 0.7473 ]
INFO:root:Average loss=-0.28150475025177
INFO:root:
[Valid][352][UTT][ MSE = 0.3629 | LCC = 0.7546 | SRCC = 0.7484 ]
INFO:root:Average loss=-0.2805180549621582
INFO:root:
[Valid][353][UTT][ MSE = 0.3799 | LCC = 0.7597 | SRCC = 0.7542 ]
INFO:root:Average loss=-0.29609376192092896
INFO:root:
[Valid][354][UTT][ MSE = 0.3682 | LCC = 0.7602 | SRCC = 0.7553 ]
INFO:root:Average loss=-0.29459136724472046
INFO:root:
[Valid][355][UTT][ MSE = 0.4010 | LCC = 0.7494 | SRCC = 0.7440 ]
INFO:root:Average loss=-0.2823873460292816
INFO:root:
[Valid][356][UTT][ MSE = 0.3596 | LCC = 0.7530 | SRCC = 0.7481 ]
INFO:root:Average loss=-0.2833530306816101
INFO:root:
[Valid][357][UTT][ MSE = 0.3696 | LCC = 0.7535 | SRCC = 0.7485 ]
INFO:root:Average loss=-0.2889695167541504
INFO:root:
[Valid][358][UTT][ MSE = 0.3583 | LCC = 0.7577 | SRCC = 0.7509 ]
INFO:root:Average loss=-0.30268892645835876
INFO:root:
[Valid][359][UTT][ MSE = 0.3823 | LCC = 0.7568 | SRCC = 0.7506 ]
INFO:root:Average loss=-0.3065183460712433
INFO:root:
[Valid][360][UTT][ MSE = 0.3499 | LCC = 0.7615 | SRCC = 0.7554 ]
INFO:root:Average loss=-0.27882492542266846
INFO:root:
[Valid][361][UTT][ MSE = 0.4053 | LCC = 0.7510 | SRCC = 0.7447 ]
INFO:root:Average loss=-0.29471391439437866
INFO:root:
[Valid][362][UTT][ MSE = 0.3845 | LCC = 0.7576 | SRCC = 0.7519 ]
INFO:root:Average loss=-0.29674842953681946
INFO:root:
[Valid][363][UTT][ MSE = 0.3602 | LCC = 0.7635 | SRCC = 0.7583 ]
INFO:root:Average loss=-0.2933467924594879
INFO:root:
[Valid][364][UTT][ MSE = 0.3740 | LCC = 0.7598 | SRCC = 0.7525 ]
INFO:root:Average loss=-0.29953497648239136
INFO:root:
[Valid][365][UTT][ MSE = 0.3848 | LCC = 0.7540 | SRCC = 0.7474 ]
INFO:root:Average loss=-0.3074786961078644
INFO:root:
[Valid][366][UTT][ MSE = 0.4133 | LCC = 0.7568 | SRCC = 0.7508 ]
INFO:root:Average loss=-0.2964952290058136
INFO:root:
[Valid][367][UTT][ MSE = 0.3667 | LCC = 0.7546 | SRCC = 0.7494 ]
INFO:root:Average loss=-0.310788094997406
INFO:root:
[Valid][368][UTT][ MSE = 0.3555 | LCC = 0.7605 | SRCC = 0.7540 ]
INFO:root:Average loss=-0.3082798719406128
INFO:root:
[Valid][369][UTT][ MSE = 0.3727 | LCC = 0.7587 | SRCC = 0.7530 ]
INFO:root:Average loss=-0.31034475564956665
INFO:root:
[Valid][370][UTT][ MSE = 0.3780 | LCC = 0.7562 | SRCC = 0.7498 ]
INFO:root:Average loss=-0.31325429677963257
INFO:root:
[Valid][371][UTT][ MSE = 0.3681 | LCC = 0.7620 | SRCC = 0.7546 ]
INFO:root:Average loss=-0.30070871114730835
INFO:root:
[Valid][372][UTT][ MSE = 0.3791 | LCC = 0.7584 | SRCC = 0.7545 ]
INFO:root:Average loss=-0.30495890974998474
INFO:root:
[Valid][373][UTT][ MSE = 0.3974 | LCC = 0.7564 | SRCC = 0.7522 ]
INFO:root:Average loss=-0.3063920736312866
INFO:root:
[Valid][374][UTT][ MSE = 0.3662 | LCC = 0.7549 | SRCC = 0.7488 ]
INFO:root:Average loss=-0.3149010241031647
INFO:root:
[Valid][375][UTT][ MSE = 0.3659 | LCC = 0.7580 | SRCC = 0.7531 ]
INFO:root:Average loss=-0.31682687997817993
INFO:root:
[Valid][376][UTT][ MSE = 0.3800 | LCC = 0.7530 | SRCC = 0.7463 ]
INFO:root:Average loss=-0.3093826472759247
INFO:root:
[Valid][377][UTT][ MSE = 0.3509 | LCC = 0.7619 | SRCC = 0.7565 ]
INFO:root:Average loss=-0.30657777190208435
INFO:root:
[Valid][378][UTT][ MSE = 0.3766 | LCC = 0.7590 | SRCC = 0.7545 ]
INFO:root:Average loss=-0.30176210403442383
INFO:root:
[Valid][379][UTT][ MSE = 0.3494 | LCC = 0.7632 | SRCC = 0.7582 ]
INFO:root:Average loss=-0.31065550446510315
INFO:root:
[Valid][380][UTT][ MSE = 0.3536 | LCC = 0.7607 | SRCC = 0.7549 ]
INFO:root:Average loss=-0.305560827255249
INFO:root:
[Valid][381][UTT][ MSE = 0.3495 | LCC = 0.7624 | SRCC = 0.7569 ]
INFO:root:Average loss=-0.31551212072372437
INFO:root:
[Valid][382][UTT][ MSE = 0.3724 | LCC = 0.7562 | SRCC = 0.7507 ]
INFO:root:Average loss=-0.3111604154109955
INFO:root:
[Valid][383][UTT][ MSE = 0.3423 | LCC = 0.7668 | SRCC = 0.7619 ]
INFO:root:Average loss=-0.29560279846191406
INFO:root:
[Valid][384][UTT][ MSE = 0.3532 | LCC = 0.7621 | SRCC = 0.7559 ]
INFO:root:Average loss=-0.3024909794330597
INFO:root:
[Valid][385][UTT][ MSE = 0.3438 | LCC = 0.7650 | SRCC = 0.7591 ]
INFO:root:Average loss=-0.3084487020969391
INFO:root:
[Valid][386][UTT][ MSE = 0.3866 | LCC = 0.7564 | SRCC = 0.7525 ]
INFO:root:Average loss=-0.3065250515937805
INFO:root:
[Valid][387][UTT][ MSE = 0.3724 | LCC = 0.7586 | SRCC = 0.7530 ]
INFO:root:Average loss=-0.3133612871170044
INFO:root:
[Valid][388][UTT][ MSE = 0.3744 | LCC = 0.7588 | SRCC = 0.7545 ]
INFO:root:Average loss=-0.3103785812854767
INFO:root:
[Valid][389][UTT][ MSE = 0.3785 | LCC = 0.7605 | SRCC = 0.7563 ]
INFO:root:Average loss=-0.31475943326950073
INFO:root:
[Valid][390][UTT][ MSE = 0.3601 | LCC = 0.7653 | SRCC = 0.7601 ]
INFO:root:Average loss=-0.327247679233551
INFO:root:
[Valid][391][UTT][ MSE = 0.3511 | LCC = 0.7616 | SRCC = 0.7549 ]
INFO:root:Average loss=-0.3237658143043518
INFO:root:
[Valid][392][UTT][ MSE = 0.3758 | LCC = 0.7598 | SRCC = 0.7560 ]
INFO:root:Average loss=-0.31962674856185913
INFO:root:
[Valid][393][UTT][ MSE = 0.3603 | LCC = 0.7634 | SRCC = 0.7583 ]
INFO:root:Average loss=-0.3308190703392029
INFO:root:
[Valid][394][UTT][ MSE = 0.3523 | LCC = 0.7656 | SRCC = 0.7601 ]
INFO:root:Average loss=-0.3224303722381592
INFO:root:
[Valid][395][UTT][ MSE = 0.3828 | LCC = 0.7622 | SRCC = 0.7564 ]
INFO:root:Average loss=-0.31115198135375977
INFO:root:
[Valid][396][UTT][ MSE = 0.3506 | LCC = 0.7713 | SRCC = 0.7661 ]
INFO:root:Average loss=-0.30433177947998047
INFO:root:
[Valid][397][UTT][ MSE = 0.3431 | LCC = 0.7698 | SRCC = 0.7647 ]
INFO:root:Average loss=-0.29588377475738525
INFO:root:
[Valid][398][UTT][ MSE = 0.3953 | LCC = 0.7604 | SRCC = 0.7556 ]
INFO:root:Average loss=-0.31488335132598877
INFO:root:
[Valid][399][UTT][ MSE = 0.3700 | LCC = 0.7676 | SRCC = 0.7638 ]
INFO:root:Average loss=-0.3204519748687744
INFO:root:
[Valid][400][UTT][ MSE = 0.3629 | LCC = 0.7644 | SRCC = 0.7585 ]
INFO:root:Average loss=-0.3209986984729767
INFO:root:
[Valid][401][UTT][ MSE = 0.3468 | LCC = 0.7685 | SRCC = 0.7630 ]
INFO:root:Average loss=-0.3079533576965332
INFO:root:
[Valid][402][UTT][ MSE = 0.4008 | LCC = 0.7574 | SRCC = 0.7513 ]
INFO:root:Average loss=-0.3226093649864197
INFO:root:
[Valid][403][UTT][ MSE = 0.3524 | LCC = 0.7608 | SRCC = 0.7550 ]
INFO:root:Average loss=-0.33499863743782043
INFO:root:
[Valid][404][UTT][ MSE = 0.3639 | LCC = 0.7607 | SRCC = 0.7536 ]
INFO:root:Average loss=-0.32223832607269287
INFO:root:
[Valid][405][UTT][ MSE = 0.3671 | LCC = 0.7606 | SRCC = 0.7558 ]
INFO:root:Average loss=-0.32506197690963745
INFO:root:
[Valid][406][UTT][ MSE = 0.3649 | LCC = 0.7631 | SRCC = 0.7569 ]
INFO:root:Average loss=-0.32515114545822144
INFO:root:
[Valid][407][UTT][ MSE = 0.3620 | LCC = 0.7628 | SRCC = 0.7577 ]
INFO:root:Average loss=-0.3359338939189911
INFO:root:
[Valid][408][UTT][ MSE = 0.3607 | LCC = 0.7636 | SRCC = 0.7594 ]
INFO:root:Average loss=-0.3344462811946869
INFO:root:
[Valid][409][UTT][ MSE = 0.3650 | LCC = 0.7644 | SRCC = 0.7594 ]
INFO:root:Average loss=-0.31711336970329285
INFO:root:
[Valid][410][UTT][ MSE = 0.3680 | LCC = 0.7652 | SRCC = 0.7606 ]
INFO:root:Average loss=-0.34150007367134094
INFO:root:
[Valid][411][UTT][ MSE = 0.3709 | LCC = 0.7656 | SRCC = 0.7620 ]
INFO:root:Average loss=-0.33776649832725525
INFO:root:
[Valid][412][UTT][ MSE = 0.3613 | LCC = 0.7634 | SRCC = 0.7583 ]
INFO:root:Average loss=-0.3252445459365845
INFO:root:
[Valid][413][UTT][ MSE = 0.3570 | LCC = 0.7681 | SRCC = 0.7647 ]
INFO:root:Average loss=-0.32083824276924133
INFO:root:
[Valid][414][UTT][ MSE = 0.4584 | LCC = 0.7566 | SRCC = 0.7529 ]
INFO:root:Average loss=-0.34069427847862244
INFO:root:
[Valid][415][UTT][ MSE = 0.3931 | LCC = 0.7607 | SRCC = 0.7560 ]
INFO:root:Average loss=-0.33007436990737915
INFO:root:
[Valid][416][UTT][ MSE = 0.3549 | LCC = 0.7680 | SRCC = 0.7619 ]
INFO:root:Average loss=-0.3400713801383972
INFO:root:
[Valid][417][UTT][ MSE = 0.3631 | LCC = 0.7660 | SRCC = 0.7589 ]
INFO:root:Average loss=-0.3366428017616272
INFO:root:
[Valid][418][UTT][ MSE = 0.3825 | LCC = 0.7536 | SRCC = 0.7480 ]
INFO:root:Average loss=-0.3328881859779358
INFO:root:
[Valid][419][UTT][ MSE = 0.3769 | LCC = 0.7715 | SRCC = 0.7682 ]
INFO:root:Average loss=-0.338347464799881
INFO:root:
[Valid][420][UTT][ MSE = 0.3805 | LCC = 0.7653 | SRCC = 0.7610 ]
INFO:root:Average loss=-0.3281264305114746
INFO:root:
[Valid][421][UTT][ MSE = 0.4033 | LCC = 0.7579 | SRCC = 0.7534 ]
INFO:root:Average loss=-0.3285934627056122
INFO:root:
[Valid][422][UTT][ MSE = 0.3439 | LCC = 0.7685 | SRCC = 0.7634 ]
INFO:root:Average loss=-0.3447823226451874
INFO:root:
[Valid][423][UTT][ MSE = 0.3631 | LCC = 0.7663 | SRCC = 0.7602 ]
INFO:root:Average loss=-0.35071149468421936
INFO:root:
[Valid][424][UTT][ MSE = 0.3619 | LCC = 0.7710 | SRCC = 0.7654 ]
INFO:root:Average loss=-0.35468125343322754
INFO:root:
[Valid][425][UTT][ MSE = 0.3493 | LCC = 0.7672 | SRCC = 0.7608 ]
INFO:root:Average loss=-0.3461846113204956
INFO:root:
[Valid][426][UTT][ MSE = 0.3752 | LCC = 0.7649 | SRCC = 0.7595 ]
INFO:root:Average loss=-0.34675663709640503
INFO:root:
[Valid][427][UTT][ MSE = 0.3956 | LCC = 0.7663 | SRCC = 0.7619 ]
INFO:root:Average loss=-0.3319213390350342
INFO:root:
[Valid][428][UTT][ MSE = 0.3761 | LCC = 0.7636 | SRCC = 0.7576 ]
INFO:root:Average loss=-0.3500674068927765
INFO:root:
[Valid][429][UTT][ MSE = 0.3549 | LCC = 0.7689 | SRCC = 0.7645 ]
INFO:root:Average loss=-0.34583207964897156
INFO:root:
[Valid][430][UTT][ MSE = 0.3574 | LCC = 0.7668 | SRCC = 0.7614 ]
INFO:root:Average loss=-0.33352789282798767
INFO:root:
[Valid][431][UTT][ MSE = 0.3415 | LCC = 0.7733 | SRCC = 0.7687 ]
INFO:root:Average loss=-0.3520217835903168
INFO:root:
[Valid][432][UTT][ MSE = 0.3415 | LCC = 0.7735 | SRCC = 0.7678 ]
INFO:root:Average loss=-0.347424179315567
INFO:root:
[Valid][433][UTT][ MSE = 0.3515 | LCC = 0.7660 | SRCC = 0.7591 ]
INFO:root:Average loss=-0.347074031829834
INFO:root:
[Valid][434][UTT][ MSE = 0.3406 | LCC = 0.7688 | SRCC = 0.7613 ]
INFO:root:Average loss=-0.34520915150642395
INFO:root:
[Valid][435][UTT][ MSE = 0.3556 | LCC = 0.7711 | SRCC = 0.7659 ]
INFO:root:Average loss=-0.35632580518722534
INFO:root:
[Valid][436][UTT][ MSE = 0.3676 | LCC = 0.7696 | SRCC = 0.7633 ]
INFO:root:Average loss=-0.3539440333843231
INFO:root:
[Valid][437][UTT][ MSE = 0.3564 | LCC = 0.7669 | SRCC = 0.7603 ]
INFO:root:Average loss=-0.3547650873661041
INFO:root:
[Valid][438][UTT][ MSE = 0.3841 | LCC = 0.7661 | SRCC = 0.7605 ]
INFO:root:Average loss=-0.3515546917915344
INFO:root:
[Valid][439][UTT][ MSE = 0.3838 | LCC = 0.7633 | SRCC = 0.7573 ]
INFO:root:Average loss=-0.32358163595199585
INFO:root:
[Valid][440][UTT][ MSE = 0.4034 | LCC = 0.7615 | SRCC = 0.7563 ]
INFO:root:Average loss=-0.3461824357509613
INFO:root:
[Valid][441][UTT][ MSE = 0.3750 | LCC = 0.7675 | SRCC = 0.7630 ]
INFO:root:Average loss=-0.3551193177700043
INFO:root:
[Valid][442][UTT][ MSE = 0.3501 | LCC = 0.7714 | SRCC = 0.7660 ]
INFO:root:Average loss=-0.3661188781261444
INFO:root:
[Valid][443][UTT][ MSE = 0.3828 | LCC = 0.7650 | SRCC = 0.7608 ]
INFO:root:Average loss=-0.3661908507347107
INFO:root:
[Valid][444][UTT][ MSE = 0.3741 | LCC = 0.7690 | SRCC = 0.7637 ]
INFO:root:Average loss=-0.36688461899757385
INFO:root:
[Valid][445][UTT][ MSE = 0.3625 | LCC = 0.7667 | SRCC = 0.7609 ]
INFO:root:Average loss=-0.3702150881290436
INFO:root:
[Valid][446][UTT][ MSE = 0.3759 | LCC = 0.7695 | SRCC = 0.7651 ]
INFO:root:Average loss=-0.3676951229572296
INFO:root:
[Valid][447][UTT][ MSE = 0.3904 | LCC = 0.7627 | SRCC = 0.7584 ]
INFO:root:Average loss=-0.3401324450969696
INFO:root:
[Valid][448][UTT][ MSE = 0.3594 | LCC = 0.7680 | SRCC = 0.7638 ]
INFO:root:Average loss=-0.3434702157974243
INFO:root:
[Valid][449][UTT][ MSE = 0.3349 | LCC = 0.7742 | SRCC = 0.7694 ]
INFO:root:Average loss=-0.355753630399704
INFO:root:
[Valid][450][UTT][ MSE = 0.3571 | LCC = 0.7653 | SRCC = 0.7597 ]
INFO:root:Average loss=-0.36938178539276123
INFO:root:
[Valid][451][UTT][ MSE = 0.3706 | LCC = 0.7614 | SRCC = 0.7557 ]
INFO:root:Average loss=-0.361920565366745
INFO:root:
[Valid][452][UTT][ MSE = 0.3539 | LCC = 0.7708 | SRCC = 0.7647 ]
INFO:root:Average loss=-0.36779138445854187
INFO:root:
[Valid][453][UTT][ MSE = 0.3566 | LCC = 0.7703 | SRCC = 0.7674 ]
INFO:root:Average loss=-0.36655640602111816
INFO:root:
[Valid][454][UTT][ MSE = 0.3545 | LCC = 0.7683 | SRCC = 0.7640 ]
INFO:root:Average loss=-0.3655681312084198
INFO:root:
[Valid][455][UTT][ MSE = 0.3591 | LCC = 0.7636 | SRCC = 0.7585 ]
INFO:root:Average loss=-0.36891111731529236
INFO:root:
[Valid][456][UTT][ MSE = 0.3524 | LCC = 0.7686 | SRCC = 0.7643 ]
INFO:root:Average loss=-0.3674696087837219
INFO:root:
[Valid][457][UTT][ MSE = 0.3391 | LCC = 0.7775 | SRCC = 0.7729 ]
INFO:root:Average loss=-0.36257997155189514
INFO:root:
[Valid][458][UTT][ MSE = 0.3444 | LCC = 0.7735 | SRCC = 0.7683 ]
INFO:root:Average loss=-0.37732359766960144
INFO:root:
[Valid][459][UTT][ MSE = 0.3605 | LCC = 0.7728 | SRCC = 0.7670 ]
INFO:root:Average loss=-0.3676956593990326
INFO:root:
[Valid][460][UTT][ MSE = 0.3475 | LCC = 0.7688 | SRCC = 0.7629 ]
INFO:root:Average loss=-0.3688872754573822
INFO:root:
[Valid][461][UTT][ MSE = 0.3467 | LCC = 0.7730 | SRCC = 0.7683 ]
INFO:root:Average loss=-0.3555542528629303
INFO:root:
[Valid][462][UTT][ MSE = 0.3476 | LCC = 0.7709 | SRCC = 0.7669 ]
INFO:root:Average loss=-0.37975576519966125
INFO:root:
[Valid][463][UTT][ MSE = 0.3499 | LCC = 0.7695 | SRCC = 0.7642 ]
INFO:root:Average loss=-0.370329886674881
INFO:root:
[Valid][464][UTT][ MSE = 0.3622 | LCC = 0.7616 | SRCC = 0.7547 ]
INFO:root:Average loss=-0.3579658269882202
INFO:root:
[Valid][465][UTT][ MSE = 0.3317 | LCC = 0.7754 | SRCC = 0.7704 ]
INFO:root:Average loss=-0.3821586072444916
INFO:root:
[Valid][466][UTT][ MSE = 0.3504 | LCC = 0.7686 | SRCC = 0.7640 ]
INFO:root:Average loss=-0.3618542551994324
INFO:root:
[Valid][467][UTT][ MSE = 0.3554 | LCC = 0.7686 | SRCC = 0.7652 ]
INFO:root:Average loss=-0.37151485681533813
INFO:root:
[Valid][468][UTT][ MSE = 0.3523 | LCC = 0.7709 | SRCC = 0.7672 ]
INFO:root:Average loss=-0.38749024271965027
INFO:root:
[Valid][469][UTT][ MSE = 0.3624 | LCC = 0.7687 | SRCC = 0.7659 ]
INFO:root:Average loss=-0.38342782855033875
INFO:root:
[Valid][470][UTT][ MSE = 0.3623 | LCC = 0.7699 | SRCC = 0.7660 ]
INFO:root:Average loss=-0.3817582130432129
INFO:root:
[Valid][471][UTT][ MSE = 0.3710 | LCC = 0.7667 | SRCC = 0.7607 ]
INFO:root:Average loss=-0.36808115243911743
INFO:root:
[Valid][472][UTT][ MSE = 0.3740 | LCC = 0.7659 | SRCC = 0.7596 ]
INFO:root:Average loss=-0.3868902623653412
INFO:root:
[Valid][473][UTT][ MSE = 0.3761 | LCC = 0.7679 | SRCC = 0.7631 ]
INFO:root:Average loss=-0.38190656900405884
INFO:root:
[Valid][474][UTT][ MSE = 0.3409 | LCC = 0.7705 | SRCC = 0.7652 ]
INFO:root:Average loss=-0.3886370062828064
INFO:root:
[Valid][475][UTT][ MSE = 0.3370 | LCC = 0.7736 | SRCC = 0.7707 ]
INFO:root:Average loss=-0.36699336767196655
INFO:root:
[Valid][476][UTT][ MSE = 0.3965 | LCC = 0.7676 | SRCC = 0.7635 ]
INFO:root:Average loss=-0.3747297525405884
INFO:root:
[Valid][477][UTT][ MSE = 0.3482 | LCC = 0.7751 | SRCC = 0.7697 ]
INFO:root:Average loss=-0.38537290692329407
INFO:root:
[Valid][478][UTT][ MSE = 0.3614 | LCC = 0.7699 | SRCC = 0.7646 ]
INFO:root:Average loss=-0.3691140115261078
INFO:root:
[Valid][479][UTT][ MSE = 0.3508 | LCC = 0.7701 | SRCC = 0.7648 ]
INFO:root:Average loss=-0.3901757001876831
INFO:root:
[Valid][480][UTT][ MSE = 0.3469 | LCC = 0.7738 | SRCC = 0.7678 ]
INFO:root:Average loss=-0.3957725763320923
INFO:root:
[Valid][481][UTT][ MSE = 0.3751 | LCC = 0.7690 | SRCC = 0.7633 ]
INFO:root:Average loss=-0.38321879506111145
INFO:root:
[Valid][482][UTT][ MSE = 0.3429 | LCC = 0.7718 | SRCC = 0.7661 ]
INFO:root:Average loss=-0.37098827958106995
INFO:root:
[Valid][483][UTT][ MSE = 0.3376 | LCC = 0.7777 | SRCC = 0.7723 ]
INFO:root:Average loss=-0.3946431875228882
INFO:root:
[Valid][484][UTT][ MSE = 0.3500 | LCC = 0.7746 | SRCC = 0.7687 ]
INFO:root:Average loss=-0.380953848361969
INFO:root:
[Valid][485][UTT][ MSE = 0.3565 | LCC = 0.7737 | SRCC = 0.7678 ]
INFO:root:Average loss=-0.3797679841518402
INFO:root:
[Valid][486][UTT][ MSE = 0.3294 | LCC = 0.7778 | SRCC = 0.7714 ]
INFO:root:Average loss=-0.3711566925048828
INFO:root:
[Valid][487][UTT][ MSE = 0.3433 | LCC = 0.7716 | SRCC = 0.7650 ]
INFO:root:Average loss=-0.3942956328392029
INFO:root:
[Valid][488][UTT][ MSE = 0.3277 | LCC = 0.7782 | SRCC = 0.7719 ]
INFO:root:Average loss=-0.39010801911354065
INFO:root:
[Valid][489][UTT][ MSE = 0.3641 | LCC = 0.7708 | SRCC = 0.7655 ]
INFO:root:Average loss=-0.39505237340927124
INFO:root:
[Valid][490][UTT][ MSE = 0.3722 | LCC = 0.7719 | SRCC = 0.7680 ]
INFO:root:Average loss=-0.3993043899536133
INFO:root:
[Valid][491][UTT][ MSE = 0.3322 | LCC = 0.7771 | SRCC = 0.7706 ]
INFO:root:Average loss=-0.4070175588130951
INFO:root:
[Valid][492][UTT][ MSE = 0.3701 | LCC = 0.7712 | SRCC = 0.7665 ]
INFO:root:Average loss=-0.37171444296836853
INFO:root:
[Valid][493][UTT][ MSE = 0.3585 | LCC = 0.7730 | SRCC = 0.7682 ]
INFO:root:Average loss=-0.4046063721179962
INFO:root:
[Valid][494][UTT][ MSE = 0.3420 | LCC = 0.7763 | SRCC = 0.7711 ]
INFO:root:Average loss=-0.38796013593673706
INFO:root:
[Valid][495][UTT][ MSE = 0.3362 | LCC = 0.7772 | SRCC = 0.7719 ]
INFO:root:Average loss=-0.39030003547668457
INFO:root:
[Valid][496][UTT][ MSE = 0.3532 | LCC = 0.7743 | SRCC = 0.7682 ]
INFO:root:Average loss=-0.3975883722305298
INFO:root:
[Valid][497][UTT][ MSE = 0.3426 | LCC = 0.7770 | SRCC = 0.7713 ]
INFO:root:Average loss=-0.3845415711402893
INFO:root:
[Valid][498][UTT][ MSE = 0.3683 | LCC = 0.7688 | SRCC = 0.7628 ]
INFO:root:Average loss=-0.4039592742919922
INFO:root:
[Valid][499][UTT][ MSE = 0.3399 | LCC = 0.7778 | SRCC = 0.7733 ]
INFO:root:Average loss=-0.3790423274040222
INFO:root:
[Valid][500][UTT][ MSE = 0.3406 | LCC = 0.7779 | SRCC = 0.7716 ]
INFO:root:
[Test][501][UTT][ MSE = 0.3622 | LCC = 0.7946 | SRCC = 0.7905 ]
